[www.biotechpackages.com/index.html]
[www.biotechpackages.com/_next/static/css/458bfee36e1972a9.css]
[www.biotechpackages.com/_next/static/chunks/polyfills-c67a75d1b6f99dc8.js]
[www.biotechpackages.com/_next/static/chunks/webpack-fa3b601c4ba67973.js]
[www.biotechpackages.com/_next/static/chunks/framework-3671d8951bf44e4e.js]
[www.biotechpackages.com/_next/static/chunks/main-73327cdccb95cc75.js]
[www.biotechpackages.com/_next/static/chunks/pages/_app-11a3d38b9de9daf4.js]
[www.biotechpackages.com/_next/static/chunks/776-35e92a84e591b0c4.js]
[www.biotechpackages.com/_next/static/chunks/3081-86073cb7a46d3605.js]
[www.biotechpackages.com/_next/static/chunks/395-5c691649e7616334.js]
[www.biotechpackages.com/_next/static/chunks/1033-1b35f39ee81f61ed.js]
[www.biotechpackages.com/_next/static/chunks/6066-06e3ce1401d6ee92.js]
[www.biotechpackages.com/_next/static/chunks/6922-9c28b580c1a3e91e.js]
[www.biotechpackages.com/_next/static/chunks/5955-ad1c7bf09b689c0b.js]
[www.biotechpackages.com/_next/static/chunks/7745-503cc87a4ba056bc.js]
[www.biotechpackages.com/_next/static/chunks/pages/index-d603ac65f7f3872e.js]
[www.biotechpackages.com/_next/static/LDUXjTALx-GkR9HP2-Jz0/_buildManifest.js]
[www.biotechpackages.com/_next/static/LDUXjTALx-GkR9HP2-Jz0/_ssgManifest.js]
[backblue.gif]
[fade.gif]
[index.html]
[www.biotechpackages.com/index.html]
[www.biotechpackages.com/images/6.png]
[www.biotechpackages.com/images/5.png]
[www.biotechpackages.com/images/mobilebg.png]
[www.biotechpackages.com/fonts/sugar-magic/Sugar]
[www.biotechpackages.com/fonts/atc/ATCArquette-Regular.otf]
[www.biotechpackages.com/fonts/atc/ATCArquette-Regular.ttf]
[www.biotechpackages.com/fonts/atc/ATCArquette-Regular.woff]
[www.biotechpackages.com/fonts/atc/ATCArquette-Light.otf]
[www.biotechpackages.com/fonts/atc/ATCArquette-Bold.otf]
[www.biotechpackages.com/fonts/atc/ATCArquette-Bold.ttf]
[www.biotechpackages.com/fonts/atc/ATCArquette-Bold.woff]
[www.biotechpackages.com/fonts/atc/ATCArquette-Medium.eot]
[www.biotechpackages.com/fonts/atc/ATCArquette-Medium.ttf]
[www.biotechpackages.com/fonts/atc/ATCArquette-Medium.woff]
[www.biotechpackages.com/_next/static/media/ajax-loader.0b80f665.gif]
[www.biotechpackages.com/_next/static/media/slick.25572f22.eot]
[www.biotechpackages.com/_next/static/media/slick.25572f22d41d.eot]
[www.biotechpackages.com/_next/static/media/slick.653a4cbb.woff]
[www.biotechpackages.com/_next/static/media/slick.6aa1ee46.ttf]
[www.biotechpackages.com/_next/static/css/458bfee36e1972a9.css]
[www.biotechpackages.com/fonts/sugar-magic/404]
[www.biotechpackages.com/fonts/atc/404]
[www.biotechpackages.com/fonts/atc/404-2]
[www.biotechpackages.com/fonts/atc/404-3]
[www.biotechpackages.com/fonts/atc/404-4]
[www.biotechpackages.com/fonts/atc/404-5]
[www.biotechpackages.com/fonts/atc/404-6]
[www.biotechpackages.com/fonts/atc/404-7]
[www.biotechpackages.com/_next/static/media/slick.f895cfdf.svg]
[www.biotechpackages.com/_next/static/media/slick.f895cfdf.svg]
